c:\users\xjaci\onedrive\рабочий стол\numerical methods\numerical methods _lab\numerical methods _lab\numerical methods _lab\x64\debug\vc143.pdb
c:\users\xjaci\onedrive\рабочий стол\numerical methods\numerical methods _lab\numerical methods _lab\numerical methods _lab\x64\debug\.netframework,version=v4.7.2.assemblyattributes.obj
c:\users\xjaci\onedrive\рабочий стол\numerical methods\numerical methods _lab\numerical methods _lab\numerical methods _lab\x64\debug\method.obj
c:\users\xjaci\onedrive\рабочий стол\numerical methods\numerical methods _lab\numerical methods _lab\numerical methods _lab\x64\debug\main_window.obj
g:\dev\numerical methods\numerical methods _lab\numerical methods _lab\numerical methods _lab\x64\debug\vc143.pdb
g:\dev\numerical methods\numerical methods _lab\numerical methods _lab\numerical methods _lab\x64\debug\.netframework,version=v4.7.2.assemblyattributes.obj
g:\dev\numerical methods\numerical methods _lab\numerical methods _lab\numerical methods _lab\x64\debug\method.obj
g:\dev\numerical methods\numerical methods _lab\numerical methods _lab\numerical methods _lab\x64\debug\main_window.obj
c:\users\xjaci\onedrive\рабочий стол\numerical methods\numerical methods _lab\numerical methods _lab\x64\debug\numerical methods _lab.exe
c:\users\xjaci\onedrive\рабочий стол\numerical methods\numerical methods _lab\numerical methods _lab\x64\debug\numerical methods _lab.pdb
g:\dev\numerical methods\numerical methods _lab\numerical methods _lab\x64\debug\numerical methods _lab.exe
g:\dev\numerical methods\numerical methods _lab\numerical methods _lab\x64\debug\numerical methods _lab.pdb
g:\dev\numerical methods\numerical methods _lab\numerical methods _lab\numerical methods _lab\x64\debug\numerica.fe85e54b.tlog\cl.command.1.tlog
g:\dev\numerical methods\numerical methods _lab\numerical methods _lab\numerical methods _lab\x64\debug\numerica.fe85e54b.tlog\cl.read.1.tlog
g:\dev\numerical methods\numerical methods _lab\numerical methods _lab\numerical methods _lab\x64\debug\numerica.fe85e54b.tlog\cl.write.1.tlog
g:\dev\numerical methods\numerical methods _lab\numerical methods _lab\numerical methods _lab\x64\debug\numerica.fe85e54b.tlog\link.10540-cvtres.read.1.tlog
g:\dev\numerical methods\numerical methods _lab\numerical methods _lab\numerical methods _lab\x64\debug\numerica.fe85e54b.tlog\link.10540-cvtres.write.1.tlog
g:\dev\numerical methods\numerical methods _lab\numerical methods _lab\numerical methods _lab\x64\debug\numerica.fe85e54b.tlog\link.10540-rc.read.1.tlog
g:\dev\numerical methods\numerical methods _lab\numerical methods _lab\numerical methods _lab\x64\debug\numerica.fe85e54b.tlog\link.10540-rc.write.1.tlog
g:\dev\numerical methods\numerical methods _lab\numerical methods _lab\numerical methods _lab\x64\debug\numerica.fe85e54b.tlog\link.10540.read.1.tlog
g:\dev\numerical methods\numerical methods _lab\numerical methods _lab\numerical methods _lab\x64\debug\numerica.fe85e54b.tlog\link.10540.read.2.tlog
g:\dev\numerical methods\numerical methods _lab\numerical methods _lab\numerical methods _lab\x64\debug\numerica.fe85e54b.tlog\link.10540.write.1.tlog
g:\dev\numerical methods\numerical methods _lab\numerical methods _lab\numerical methods _lab\x64\debug\numerica.fe85e54b.tlog\link.15072-cvtres.read.1.tlog
g:\dev\numerical methods\numerical methods _lab\numerical methods _lab\numerical methods _lab\x64\debug\numerica.fe85e54b.tlog\link.15072-cvtres.write.1.tlog
g:\dev\numerical methods\numerical methods _lab\numerical methods _lab\numerical methods _lab\x64\debug\numerica.fe85e54b.tlog\link.15072-rc.read.1.tlog
g:\dev\numerical methods\numerical methods _lab\numerical methods _lab\numerical methods _lab\x64\debug\numerica.fe85e54b.tlog\link.15072-rc.write.1.tlog
g:\dev\numerical methods\numerical methods _lab\numerical methods _lab\numerical methods _lab\x64\debug\numerica.fe85e54b.tlog\link.15072.read.1.tlog
g:\dev\numerical methods\numerical methods _lab\numerical methods _lab\numerical methods _lab\x64\debug\numerica.fe85e54b.tlog\link.15072.read.2.tlog
g:\dev\numerical methods\numerical methods _lab\numerical methods _lab\numerical methods _lab\x64\debug\numerica.fe85e54b.tlog\link.15072.write.1.tlog
g:\dev\numerical methods\numerical methods _lab\numerical methods _lab\numerical methods _lab\x64\debug\numerica.fe85e54b.tlog\link.2952-cvtres.read.1.tlog
g:\dev\numerical methods\numerical methods _lab\numerical methods _lab\numerical methods _lab\x64\debug\numerica.fe85e54b.tlog\link.2952-cvtres.write.1.tlog
g:\dev\numerical methods\numerical methods _lab\numerical methods _lab\numerical methods _lab\x64\debug\numerica.fe85e54b.tlog\link.2952-rc.read.1.tlog
g:\dev\numerical methods\numerical methods _lab\numerical methods _lab\numerical methods _lab\x64\debug\numerica.fe85e54b.tlog\link.2952-rc.write.1.tlog
g:\dev\numerical methods\numerical methods _lab\numerical methods _lab\numerical methods _lab\x64\debug\numerica.fe85e54b.tlog\link.2952.read.1.tlog
g:\dev\numerical methods\numerical methods _lab\numerical methods _lab\numerical methods _lab\x64\debug\numerica.fe85e54b.tlog\link.2952.read.2.tlog
g:\dev\numerical methods\numerical methods _lab\numerical methods _lab\numerical methods _lab\x64\debug\numerica.fe85e54b.tlog\link.2952.write.1.tlog
g:\dev\numerical methods\numerical methods _lab\numerical methods _lab\numerical methods _lab\x64\debug\numerica.fe85e54b.tlog\link.command.1.tlog
g:\dev\numerical methods\numerical methods _lab\numerical methods _lab\numerical methods _lab\x64\debug\numerica.fe85e54b.tlog\link.read.1.tlog
g:\dev\numerical methods\numerical methods _lab\numerical methods _lab\numerical methods _lab\x64\debug\numerica.fe85e54b.tlog\link.read.2.tlog
g:\dev\numerical methods\numerical methods _lab\numerical methods _lab\numerical methods _lab\x64\debug\numerica.fe85e54b.tlog\link.write.1.tlog
g:\dev\numerical methods\numerical methods _lab\numerical methods _lab\numerical methods _lab\x64\debug\numerica.fe85e54b.tlog\metagen.read.1.tlog
g:\dev\numerical methods\numerical methods _lab\numerical methods _lab\numerical methods _lab\x64\debug\numerica.fe85e54b.tlog\metagen.write.1.tlog
g:\dev\numerical methods\numerical methods _lab\numerical methods _lab\numerical methods _lab\x64\debug\numerica.fe85e54b.tlog\resgen.command.1.tlog
g:\dev\numerical methods\numerical methods _lab\numerical methods _lab\numerical methods _lab\x64\debug\numerica.fe85e54b.tlog\resgen.read.1.tlog
g:\dev\numerical methods\numerical methods _lab\numerical methods _lab\numerical methods _lab\x64\debug\numerica.fe85e54b.tlog\resgen.write.1.tlog
